[2026-03-09 22:13:15] ERROR django.request Internal Server Error: /api/plantillas/asignadas/
Traceback (most recent call last):
  File "A:\@Sociedad Agricola Don Luis\donluis_workspace\services\api\.venv\lib\site-packages\django\db\backends\base\base.py", line 279, in ensure_connection
    self.connect()
  File "A:\@Sociedad Agricola Don Luis\donluis_workspace\services\api\.venv\lib\site-packages\django\utils\asyncio.py", line 26, in inner
    return func(*args, **kwargs)
  File "A:\@Sociedad Agricola Don Luis\donluis_workspace\services\api\.venv\lib\site-packages\django\db\backends\base\base.py", line 256, in connect
    self.connection = self.get_new_connection(conn_params)
  File "A:\@Sociedad Agricola Don Luis\donluis_workspace\services\api\.venv\lib\site-packages\mssql\base.py", line 368, in get_new_connection
    conn = Database.connect(connstr, **args)
pyodbc.OperationalError: ('08001', '[08001] [Microsoft][ODBC Driver 17 for SQL Server]TCP Provider: Tiempo de espera de la operación de espera agotado.\r\n (258) (SQLDriverConnect); [08001] [Microsoft][ODBC Driver 17 for SQL Server]Login timeout expired (0); [08001] [Microsoft][ODBC Driver 17 for SQL Server]Invalid connection string attribute (0); [08001] [Microsoft][ODBC Driver 17 for SQL Server]A network-related or instance-specific error has occurred while establishing a connection to SQL Server. Server is not found or not accessible. Check if instance name is correct and if SQL Server is configured to allow remote connections. For more information see SQL Server Books Online. (258)')

The above exception was the direct cause of the following exception:

Traceback (most recent call last):
  File "A:\@Sociedad Agricola Don Luis\donluis_workspace\services\api\.venv\lib\site-packages\django\core\handlers\exception.py", line 55, in inner
    response = get_response(request)
  File "A:\@Sociedad Agricola Don Luis\donluis_workspace\services\api\.venv\lib\site-packages\django\core\handlers\base.py", line 197, in _get_response
    response = wrapped_callback(request, *callback_args, **callback_kwargs)
  File "A:\@Sociedad Agricola Don Luis\donluis_workspace\services\api\.venv\lib\site-packages\django\views\decorators\csrf.py", line 65, in _view_wrapper
    return view_func(request, *args, **kwargs)
  File "A:\@Sociedad Agricola Don Luis\donluis_workspace\services\api\.venv\lib\site-packages\django\views\generic\base.py", line 105, in view
    return self.dispatch(request, *args, **kwargs)
  File "A:\@Sociedad Agricola Don Luis\donluis_workspace\services\api\.venv\lib\site-packages\rest_framework\views.py", line 515, in dispatch
    response = self.handle_exception(exc)
  File "A:\@Sociedad Agricola Don Luis\donluis_workspace\services\api\.venv\lib\site-packages\rest_framework\views.py", line 475, in handle_exception
    self.raise_uncaught_exception(exc)
  File "A:\@Sociedad Agricola Don Luis\donluis_workspace\services\api\.venv\lib\site-packages\rest_framework\views.py", line 486, in raise_uncaught_exception
    raise exc
  File "A:\@Sociedad Agricola Don Luis\donluis_workspace\services\api\.venv\lib\site-packages\rest_framework\views.py", line 503, in dispatch
    self.initial(request, *args, **kwargs)
  File "A:\@Sociedad Agricola Don Luis\donluis_workspace\services\api\.venv\lib\site-packages\rest_framework\views.py", line 420, in initial
    self.perform_authentication(request)
  File "A:\@Sociedad Agricola Don Luis\donluis_workspace\services\api\.venv\lib\site-packages\rest_framework\views.py", line 330, in perform_authentication
    request.user
  File "A:\@Sociedad Agricola Don Luis\donluis_workspace\services\api\.venv\lib\site-packages\rest_framework\request.py", line 232, in user
    self._authenticate()
  File "A:\@Sociedad Agricola Don Luis\donluis_workspace\services\api\.venv\lib\site-packages\rest_framework\request.py", line 385, in _authenticate
    user_auth_tuple = authenticator.authenticate(self)
  File "A:\@Sociedad Agricola Don Luis\donluis_workspace\services\api\.venv\lib\site-packages\rest_framework_simplejwt\authentication.py", line 51, in authenticate
    return self.get_user(validated_token), validated_token
  File "A:\@Sociedad Agricola Don Luis\donluis_workspace\services\api\.venv\lib\site-packages\rest_framework_simplejwt\authentication.py", line 132, in get_user
    user = self.user_model.objects.get(**{api_settings.USER_ID_FIELD: user_id})
  File "A:\@Sociedad Agricola Don Luis\donluis_workspace\services\api\.venv\lib\site-packages\django\db\models\manager.py", line 87, in manager_method
    return getattr(self.get_queryset(), name)(*args, **kwargs)
  File "A:\@Sociedad Agricola Don Luis\donluis_workspace\services\api\.venv\lib\site-packages\django\db\models\query.py", line 631, in get
    num = len(clone)
  File "A:\@Sociedad Agricola Don Luis\donluis_workspace\services\api\.venv\lib\site-packages\django\db\models\query.py", line 368, in __len__
    self._fetch_all()
  File "A:\@Sociedad Agricola Don Luis\donluis_workspace\services\api\.venv\lib\site-packages\django\db\models\query.py", line 1954, in _fetch_all
    self._result_cache = list(self._iterable_class(self))
  File "A:\@Sociedad Agricola Don Luis\donluis_workspace\services\api\.venv\lib\site-packages\django\db\models\query.py", line 93, in __iter__
    results = compiler.execute_sql(
  File "A:\@Sociedad Agricola Don Luis\donluis_workspace\services\api\.venv\lib\site-packages\django\db\models\sql\compiler.py", line 1621, in execute_sql
    cursor = self.connection.cursor()
  File "A:\@Sociedad Agricola Don Luis\donluis_workspace\services\api\.venv\lib\site-packages\django\utils\asyncio.py", line 26, in inner
    return func(*args, **kwargs)
  File "A:\@Sociedad Agricola Don Luis\donluis_workspace\services\api\.venv\lib\site-packages\django\db\backends\base\base.py", line 320, in cursor
    return self._cursor()
  File "A:\@Sociedad Agricola Don Luis\donluis_workspace\services\api\.venv\lib\site-packages\mssql\base.py", line 261, in _cursor
    conn = super()._cursor()
  File "A:\@Sociedad Agricola Don Luis\donluis_workspace\services\api\.venv\lib\site-packages\django\db\backends\base\base.py", line 296, in _cursor
    self.ensure_connection()
  File "A:\@Sociedad Agricola Don Luis\donluis_workspace\services\api\.venv\lib\site-packages\django\utils\asyncio.py", line 26, in inner
    return func(*args, **kwargs)
  File "A:\@Sociedad Agricola Don Luis\donluis_workspace\services\api\.venv\lib\site-packages\django\db\backends\base\base.py", line 278, in ensure_connection
    with self.wrap_database_errors:
  File "A:\@Sociedad Agricola Don Luis\donluis_workspace\services\api\.venv\lib\site-packages\django\db\utils.py", line 91, in __exit__
    raise dj_exc_value.with_traceback(traceback) from exc_value
  File "A:\@Sociedad Agricola Don Luis\donluis_workspace\services\api\.venv\lib\site-packages\django\db\backends\base\base.py", line 279, in ensure_connection
    self.connect()
  File "A:\@Sociedad Agricola Don Luis\donluis_workspace\services\api\.venv\lib\site-packages\django\utils\asyncio.py", line 26, in inner
    return func(*args, **kwargs)
  File "A:\@Sociedad Agricola Don Luis\donluis_workspace\services\api\.venv\lib\site-packages\django\db\backends\base\base.py", line 256, in connect
    self.connection = self.get_new_connection(conn_params)
  File "A:\@Sociedad Agricola Don Luis\donluis_workspace\services\api\.venv\lib\site-packages\mssql\base.py", line 368, in get_new_connection
    conn = Database.connect(connstr, **args)
django.db.utils.OperationalError: ('08001', '[08001] [Microsoft][ODBC Driver 17 for SQL Server]TCP Provider: Tiempo de espera de la operación de espera agotado.\r\n (258) (SQLDriverConnect); [08001] [Microsoft][ODBC Driver 17 for SQL Server]Login timeout expired (0); [08001] [Microsoft][ODBC Driver 17 for SQL Server]Invalid connection string attribute (0); [08001] [Microsoft][ODBC Driver 17 for SQL Server]A network-related or instance-specific error has occurred while establishing a connection to SQL Server. Server is not found or not accessible. Check if instance name is correct and if SQL Server is configured to allow remote connections. For more information see SQL Server Books Online. (258)')
[2026-03-09 22:13:15] ERROR django.server "GET /api/plantillas/asignadas/?since=2026-03-10T00%3A04%3A55.000Z HTTP/1.1" 500 30528
[2026-03-09 22:13:15] ERROR django.server "GET /api/plantillas/asignadas/?since=2026-03-10T00%3A04%3A55.000Z HTTP/1.1" 500 30528
[2026-03-11 00:43:03] ERROR django.request Internal Server Error: /api/bootstrap
Traceback (most recent call last):
  File "A:\@Sociedad Agricola Don Luis\donluis_workspace\services\api\.venv\lib\site-packages\django\db\backends\utils.py", line 103, in _execute
    return self.cursor.execute(sql)
  File "A:\@Sociedad Agricola Don Luis\donluis_workspace\services\api\.venv\lib\site-packages\mssql\base.py", line 679, in execute
    return self.cursor.execute(sql, params)
pyodbc.ProgrammingError: ('42S02', "[42S02] [Microsoft][ODBC Driver 17 for SQL Server][SQL Server]Invalid object name 'dbo.LOTE_ORILLAS_CATALOGO'. (208) (SQLExecDirectW)")

The above exception was the direct cause of the following exception:

Traceback (most recent call last):
  File "A:\@Sociedad Agricola Don Luis\donluis_workspace\services\api\.venv\lib\site-packages\django\core\handlers\exception.py", line 55, in inner
    response = get_response(request)
  File "A:\@Sociedad Agricola Don Luis\donluis_workspace\services\api\.venv\lib\site-packages\django\core\handlers\base.py", line 197, in _get_response
    response = wrapped_callback(request, *callback_args, **callback_kwargs)
  File "A:\@Sociedad Agricola Don Luis\donluis_workspace\services\api\.venv\lib\site-packages\django\views\decorators\csrf.py", line 65, in _view_wrapper
    return view_func(request, *args, **kwargs)
  File "A:\@Sociedad Agricola Don Luis\donluis_workspace\services\api\.venv\lib\site-packages\django\views\generic\base.py", line 105, in view
    return self.dispatch(request, *args, **kwargs)
  File "A:\@Sociedad Agricola Don Luis\donluis_workspace\services\api\.venv\lib\site-packages\rest_framework\views.py", line 515, in dispatch
    response = self.handle_exception(exc)
  File "A:\@Sociedad Agricola Don Luis\donluis_workspace\services\api\.venv\lib\site-packages\rest_framework\views.py", line 475, in handle_exception
    self.raise_uncaught_exception(exc)
  File "A:\@Sociedad Agricola Don Luis\donluis_workspace\services\api\.venv\lib\site-packages\rest_framework\views.py", line 486, in raise_uncaught_exception
    raise exc
  File "A:\@Sociedad Agricola Don Luis\donluis_workspace\services\api\.venv\lib\site-packages\rest_framework\views.py", line 512, in dispatch
    response = handler(request, *args, **kwargs)
  File "A:\@Sociedad Agricola Don Luis\donluis_workspace\services\api\.venv\lib\site-packages\rest_framework\decorators.py", line 50, in handler
    return func(*args, **kwargs)
  File "A:\@Sociedad Agricola Don Luis\donluis_workspace\services\api\api\services\master_service.py", line 43, in bootstrap
    cursor.execute("""
  File "A:\@Sociedad Agricola Don Luis\donluis_workspace\services\api\.venv\lib\site-packages\django\db\backends\utils.py", line 122, in execute
    return super().execute(sql, params)
  File "A:\@Sociedad Agricola Don Luis\donluis_workspace\services\api\.venv\lib\site-packages\django\db\backends\utils.py", line 79, in execute
    return self._execute_with_wrappers(
  File "A:\@Sociedad Agricola Don Luis\donluis_workspace\services\api\.venv\lib\site-packages\django\db\backends\utils.py", line 92, in _execute_with_wrappers
    return executor(sql, params, many, context)
  File "A:\@Sociedad Agricola Don Luis\donluis_workspace\services\api\.venv\lib\site-packages\django\db\backends\utils.py", line 100, in _execute
    with self.db.wrap_database_errors:
  File "A:\@Sociedad Agricola Don Luis\donluis_workspace\services\api\.venv\lib\site-packages\django\db\utils.py", line 91, in __exit__
    raise dj_exc_value.with_traceback(traceback) from exc_value
  File "A:\@Sociedad Agricola Don Luis\donluis_workspace\services\api\.venv\lib\site-packages\django\db\backends\utils.py", line 103, in _execute
    return self.cursor.execute(sql)
  File "A:\@Sociedad Agricola Don Luis\donluis_workspace\services\api\.venv\lib\site-packages\mssql\base.py", line 679, in execute
    return self.cursor.execute(sql, params)
django.db.utils.ProgrammingError: ('42S02', "[42S02] [Microsoft][ODBC Driver 17 for SQL Server][SQL Server]Invalid object name 'dbo.LOTE_ORILLAS_CATALOGO'. (208) (SQLExecDirectW)")
[2026-03-11 00:43:03] ERROR django.server "GET /api/bootstrap HTTP/1.1" 500 25757
[2026-03-11 00:43:03] ERROR django.server "GET /api/bootstrap HTTP/1.1" 500 25757
[2026-03-11 00:44:23] ERROR django.request Internal Server Error: /api/bootstrap
Traceback (most recent call last):
  File "A:\@Sociedad Agricola Don Luis\donluis_workspace\services\api\.venv\lib\site-packages\django\db\backends\utils.py", line 103, in _execute
    return self.cursor.execute(sql)
  File "A:\@Sociedad Agricola Don Luis\donluis_workspace\services\api\.venv\lib\site-packages\mssql\base.py", line 679, in execute
    return self.cursor.execute(sql, params)
pyodbc.ProgrammingError: ('42S02', "[42S02] [Microsoft][ODBC Driver 17 for SQL Server][SQL Server]Invalid object name 'dbo.LOTE_ORILLAS_CATALOGO'. (208) (SQLExecDirectW)")

The above exception was the direct cause of the following exception:

Traceback (most recent call last):
  File "A:\@Sociedad Agricola Don Luis\donluis_workspace\services\api\.venv\lib\site-packages\django\core\handlers\exception.py", line 55, in inner
    response = get_response(request)
  File "A:\@Sociedad Agricola Don Luis\donluis_workspace\services\api\.venv\lib\site-packages\django\core\handlers\base.py", line 197, in _get_response
    response = wrapped_callback(request, *callback_args, **callback_kwargs)
  File "A:\@Sociedad Agricola Don Luis\donluis_workspace\services\api\.venv\lib\site-packages\django\views\decorators\csrf.py", line 65, in _view_wrapper
    return view_func(request, *args, **kwargs)
  File "A:\@Sociedad Agricola Don Luis\donluis_workspace\services\api\.venv\lib\site-packages\django\views\generic\base.py", line 105, in view
    return self.dispatch(request, *args, **kwargs)
  File "A:\@Sociedad Agricola Don Luis\donluis_workspace\services\api\.venv\lib\site-packages\rest_framework\views.py", line 515, in dispatch
    response = self.handle_exception(exc)
  File "A:\@Sociedad Agricola Don Luis\donluis_workspace\services\api\.venv\lib\site-packages\rest_framework\views.py", line 475, in handle_exception
    self.raise_uncaught_exception(exc)
  File "A:\@Sociedad Agricola Don Luis\donluis_workspace\services\api\.venv\lib\site-packages\rest_framework\views.py", line 486, in raise_uncaught_exception
    raise exc
  File "A:\@Sociedad Agricola Don Luis\donluis_workspace\services\api\.venv\lib\site-packages\rest_framework\views.py", line 512, in dispatch
    response = handler(request, *args, **kwargs)
  File "A:\@Sociedad Agricola Don Luis\donluis_workspace\services\api\.venv\lib\site-packages\rest_framework\decorators.py", line 50, in handler
    return func(*args, **kwargs)
  File "A:\@Sociedad Agricola Don Luis\donluis_workspace\services\api\api\services\master_service.py", line 43, in bootstrap
    cursor.execute("""
  File "A:\@Sociedad Agricola Don Luis\donluis_workspace\services\api\.venv\lib\site-packages\django\db\backends\utils.py", line 122, in execute
    return super().execute(sql, params)
  File "A:\@Sociedad Agricola Don Luis\donluis_workspace\services\api\.venv\lib\site-packages\django\db\backends\utils.py", line 79, in execute
    return self._execute_with_wrappers(
  File "A:\@Sociedad Agricola Don Luis\donluis_workspace\services\api\.venv\lib\site-packages\django\db\backends\utils.py", line 92, in _execute_with_wrappers
    return executor(sql, params, many, context)
  File "A:\@Sociedad Agricola Don Luis\donluis_workspace\services\api\.venv\lib\site-packages\django\db\backends\utils.py", line 100, in _execute
    with self.db.wrap_database_errors:
  File "A:\@Sociedad Agricola Don Luis\donluis_workspace\services\api\.venv\lib\site-packages\django\db\utils.py", line 91, in __exit__
    raise dj_exc_value.with_traceback(traceback) from exc_value
  File "A:\@Sociedad Agricola Don Luis\donluis_workspace\services\api\.venv\lib\site-packages\django\db\backends\utils.py", line 103, in _execute
    return self.cursor.execute(sql)
  File "A:\@Sociedad Agricola Don Luis\donluis_workspace\services\api\.venv\lib\site-packages\mssql\base.py", line 679, in execute
    return self.cursor.execute(sql, params)
django.db.utils.ProgrammingError: ('42S02', "[42S02] [Microsoft][ODBC Driver 17 for SQL Server][SQL Server]Invalid object name 'dbo.LOTE_ORILLAS_CATALOGO'. (208) (SQLExecDirectW)")
[2026-03-11 00:44:23] ERROR django.server "GET /api/bootstrap HTTP/1.1" 500 25757
[2026-03-11 00:44:23] ERROR django.server "GET /api/bootstrap HTTP/1.1" 500 25757
[2026-03-16 06:33:23] ERROR django.security.DisallowedHost Invalid HTTP_HOST header: '192.168.0.130:8000'. You may need to add '192.168.0.130' to ALLOWED_HOSTS.
Traceback (most recent call last):
  File "A:\@Sociedad Agricola Don Luis\donluis_workspace\services\api\.venv\lib\site-packages\django\core\handlers\exception.py", line 55, in inner
    response = get_response(request)
  File "A:\@Sociedad Agricola Don Luis\donluis_workspace\services\api\.venv\lib\site-packages\django\utils\deprecation.py", line 119, in __call__
    response = self.process_request(request)
  File "A:\@Sociedad Agricola Don Luis\donluis_workspace\services\api\.venv\lib\site-packages\django\middleware\common.py", line 48, in process_request
    host = request.get_host()
  File "A:\@Sociedad Agricola Don Luis\donluis_workspace\services\api\.venv\lib\site-packages\django\http\request.py", line 202, in get_host
    raise DisallowedHost(msg)
django.core.exceptions.DisallowedHost: Invalid HTTP_HOST header: '192.168.0.130:8000'. You may need to add '192.168.0.130' to ALLOWED_HOSTS.
[2026-03-16 06:33:23] ERROR django.security.DisallowedHost Invalid HTTP_HOST header: '192.168.0.130:8000'. You may need to add '192.168.0.130' to ALLOWED_HOSTS.
Traceback (most recent call last):
  File "A:\@Sociedad Agricola Don Luis\donluis_workspace\services\api\.venv\lib\site-packages\django\core\handlers\exception.py", line 55, in inner
    response = get_response(request)
  File "A:\@Sociedad Agricola Don Luis\donluis_workspace\services\api\.venv\lib\site-packages\django\utils\deprecation.py", line 119, in __call__
    response = self.process_request(request)
  File "A:\@Sociedad Agricola Don Luis\donluis_workspace\services\api\.venv\lib\site-packages\django\middleware\common.py", line 48, in process_request
    host = request.get_host()
  File "A:\@Sociedad Agricola Don Luis\donluis_workspace\services\api\.venv\lib\site-packages\django\http\request.py", line 202, in get_host
    raise DisallowedHost(msg)
django.core.exceptions.DisallowedHost: Invalid HTTP_HOST header: '192.168.0.130:8000'. You may need to add '192.168.0.130' to ALLOWED_HOSTS.
[2026-03-16 23:46:09] ERROR django.server You're accessing the development server over HTTPS, but it only supports HTTP.

[2026-03-16 23:46:09] ERROR django.server You're accessing the development server over HTTPS, but it only supports HTTP.

[2026-03-17 00:51:34] ERROR django.server You're accessing the development server over HTTPS, but it only supports HTTP.

[2026-03-17 00:51:34] ERROR django.server You're accessing the development server over HTTPS, but it only supports HTTP.

[2026-03-17 00:54:13] ERROR django.server You're accessing the development server over HTTPS, but it only supports HTTP.

[2026-03-17 00:54:13] ERROR django.server You're accessing the development server over HTTPS, but it only supports HTTP.

[2026-03-17 07:29:45] ERROR django.server You're accessing the development server over HTTPS, but it only supports HTTP.

[2026-03-17 07:29:45] ERROR django.server You're accessing the development server over HTTPS, but it only supports HTTP.

[2026-03-17 08:20:58] ERROR django.server You're accessing the development server over HTTPS, but it only supports HTTP.

[2026-03-17 08:20:58] ERROR django.server You're accessing the development server over HTTPS, but it only supports HTTP.

[2026-03-17 09:24:42] ERROR django.request Internal Server Error: /api/auth/login/
[2026-03-17 09:24:42] ERROR django.server "POST /api/auth/login/ HTTP/1.1" 500 43
[2026-03-17 09:24:42] ERROR django.server "POST /api/auth/login/ HTTP/1.1" 500 43
